<?xml version="1.0" encoding="UTF-8"?>
<!-- Generated by org.testng.reporters.JUnitXMLReporter -->
<testsuite hostname="beehyv-desktop" name="Regression suite 1" tests="3" failures="2" timestamp="8 Aug 2016 09:25:05 GMT" time="315.15" errors="0">
  <testcase name="test" time="103.74" classname="beehyv.alacriti.tests.AmexCard">
    <failure type="java.lang.AssertionError" message="expected [Amex] but found [Bank]">
      <![CDATA[java.lang.AssertionError: expected [Amex] but found [Bank]
	at beehyv.alacriti.tests.AmexCard.test(AmexCard.java:24)
... Removed 29 stack frames]]>
    </failure>
  </testcase> <!-- test -->
  <testcase name="test" time="103.581" classname="beehyv.alacriti.tests.AutoPay">
    <failure type="java.lang.AssertionError" message="expected [Auto Pay] but found [Bank]">
      <![CDATA[java.lang.AssertionError: expected [Auto Pay] but found [Bank]
	at beehyv.alacriti.tests.AutoPay.test(AutoPay.java:24)
... Removed 29 stack frames]]>
    </failure>
  </testcase> <!-- test -->
  <testcase name="test" time="103.642" classname="beehyv.alacriti.tests.Bank"/>
</testsuite> <!-- Regression suite 1 -->
